<?xml version="1.0" encoding="UTF-8" standalone="no"?>
<!DOCTYPE log SYSTEM "logger.dtd">
<log>
<record>
  <date>2023-10-06T10:48:21.907-0300</date>
  <logger>DAVI SOARES FERREIRA</logger>
  <level>FINE</level>
  <message>File 122111030-DAVI SOARES FERREIRA.zip was received. It was sent by DAVI SOARES FERREIRA from IP 150.165.42.155 at 06-10-2023 10*48*21</message>
</record>
</log>
<?xml version="1.0" encoding="UTF-8" standalone="no"?>
<!DOCTYPE log SYSTEM "logger.dtd">
<log>
<record>
  <date>2023-10-06T10:49:59.364-0300</date>
  <logger>DAVI SOARES FERREIRA</logger>
  <level>FINE</level>
  <message>File 122111030-DAVI SOARES FERREIRA.zip was received. It was sent by DAVI SOARES FERREIRA from IP 150.165.42.155 at 06-10-2023 10*49*59</message>
</record>
</log>
<?xml version="1.0" encoding="UTF-8" standalone="no"?>
<!DOCTYPE log SYSTEM "logger.dtd">
<log>
<record>
  <date>2023-10-13T00:36:30.586-0300</date>
  <logger>DAVI SOARES FERREIRA</logger>
  <level>FINE</level>
  <message>File 122111030-DAVI SOARES FERREIRA.zip was received. It was sent by DAVI SOARES FERREIRA from IP 192.168.0.105 at 13-10-2023 00*36*30</message>
</record>
